<?xml version="1.0" encoding="UTF-8"?>
<!-- Generated by org.testng.reporters.JUnitReportReporter -->
<testsuite skipped="0" hostname="DESKTOP-5D8C0UA" name="com.zenith.tests.TestRestAssuredSamples" tests="2" failures="0" timestamp="18 Mar 2019 19:46:22 GMT" time="6.916" errors="0">
  <testcase name="requestUsZipCode90210_CheckPlaceNameInResponseBody_expectBeverlyHills" time="6.094" classname="com.zenith.tests.TestRestAssuredSamples"/>
  <testcase name="test_NumberOfCircuitsFor2017Season_ShouldBe20" time="0.822" classname="com.zenith.tests.TestRestAssuredSamples"/>
</testsuite> <!-- com.zenith.tests.TestRestAssuredSamples -->
